<?xml version="1.0" encoding="UTF-8"?>
<testsuite xmlns:xsi="http://www.w3.org/2001/XMLSchema-instance" xsi:noNamespaceSchemaLocation="https://maven.apache.org/surefire/maven-surefire-plugin/xsd/surefire-test-report.xsd" name="com.taMagica.ContaMagicaTest" time="0.171" tests="54" errors="0" skipped="0" failures="0">
  <properties>
[...]
</properties>
  <testcase name="SaldoRetiradaNegativoSilver{int}[1]" classname="com.taMagica.ContaMagicaTest" time="0.033"/>
  <testcase name="SaldoRetiradaNegativoSilver{int}[2]" classname="com.taMagica.ContaMagicaTest" time="0"/>
  <testcase name="SaldoRetiradaNegativoSilver{int}[3]" classname="com.taMagica.ContaMagicaTest" time="0"/>
  <testcase name="SaldoRetiradaNegativoSilver{int}[4]" classname="com.taMagica.ContaMagicaTest" time="0.001"/>
  <testcase name="SaldoRetiradaNegativoSilver{int}[5]" classname="com.taMagica.ContaMagicaTest" time="0"/>
  <testcase name="SaldoRetiradaNegativoPlatinum{int}[1]" classname="com.taMagica.ContaMagicaTest" time="0.001"/>
  <testcase name="SaldoRetiradaNegativoPlatinum{int}[2]" classname="com.taMagica.ContaMagicaTest" time="0.001"/>
  <testcase name="SaldoRetiradaNegativoPlatinum{int}[3]" classname="com.taMagica.ContaMagicaTest" time="0.001"/>
  <testcase name="SaldoRetiradaNegativoPlatinum{int}[4]" classname="com.taMagica.ContaMagicaTest" time="0"/>
  <testcase name="SaldoRetiradaNegativoPlatinum{int}[5]" classname="com.taMagica.ContaMagicaTest" time="0.001"/>
  <testcase name="StatusUpgradeParaPlatinum" classname="com.taMagica.ContaMagicaTest" time="0.002"/>
  <testcase name="StatusDowngradePlatinumParaSilver" classname="com.taMagica.ContaMagicaTest" time="0"/>
  <testcase name="SaldoRetiradaGold{int}[1]" classname="com.taMagica.ContaMagicaTest" time="0.001"/>
  <testcase name="SaldoRetiradaGold{int}[2]" classname="com.taMagica.ContaMagicaTest" time="0.001"/>
  <testcase name="SaldoRetiradaGold{int}[3]" classname="com.taMagica.ContaMagicaTest" time="0.001"/>
  <testcase name="SaldoRetiradaGold{int}[4]" classname="com.taMagica.ContaMagicaTest" time="0"/>
  <testcase name="SaldoRetiradaGold{int}[5]" classname="com.taMagica.ContaMagicaTest" time="0"/>
  <testcase name="StatusUpgradeParaGold{int}[1]" classname="com.taMagica.ContaMagicaTest" time="0"/>
  <testcase name="StatusUpgradeParaGold{int}[2]" classname="com.taMagica.ContaMagicaTest" time="0"/>
  <testcase name="StatusUpgradeParaGold{int}[3]" classname="com.taMagica.ContaMagicaTest" time="0"/>
  <testcase name="StatusUpgradeParaGold{int}[4]" classname="com.taMagica.ContaMagicaTest" time="0"/>
  <testcase name="SaldoDepositoPlatinum{int}[1]" classname="com.taMagica.ContaMagicaTest" time="0"/>
  <testcase name="SaldoDepositoPlatinum{int}[2]" classname="com.taMagica.ContaMagicaTest" time="0.001"/>
  <testcase name="SaldoDepositoPlatinum{int}[3]" classname="com.taMagica.ContaMagicaTest" time="0"/>
  <testcase name="SaldoDepositoPlatinum{int}[4]" classname="com.taMagica.ContaMagicaTest" time="0"/>
  <testcase name="SaldoDepositoPlatinum{int}[5]" classname="com.taMagica.ContaMagicaTest" time="0"/>
  <testcase name="StatusDowngradeParaGold" classname="com.taMagica.ContaMagicaTest" time="0.001"/>
  <testcase name="StatusNovaSilver" classname="com.taMagica.ContaMagicaTest" time="0"/>
  <testcase name="SaldoRetiradaPlatinum{int}[1]" classname="com.taMagica.ContaMagicaTest" time="0"/>
  <testcase name="SaldoRetiradaPlatinum{int}[2]" classname="com.taMagica.ContaMagicaTest" time="0"/>
  <testcase name="SaldoRetiradaPlatinum{int}[3]" classname="com.taMagica.ContaMagicaTest" time="0.001"/>
  <testcase name="SaldoRetiradaPlatinum{int}[4]" classname="com.taMagica.ContaMagicaTest" time="0.001"/>
  <testcase name="SaldoRetiradaPlatinum{int}[5]" classname="com.taMagica.ContaMagicaTest" time="0.001"/>
  <testcase name="SaldoDepositoGold{int}[1]" classname="com.taMagica.ContaMagicaTest" time="0"/>
  <testcase name="SaldoDepositoGold{int}[2]" classname="com.taMagica.ContaMagicaTest" time="0"/>
  <testcase name="SaldoDepositoGold{int}[3]" classname="com.taMagica.ContaMagicaTest" time="0"/>
  <testcase name="SaldoDepositoGold{int}[4]" classname="com.taMagica.ContaMagicaTest" time="0"/>
  <testcase name="SaldoDepositoGold{int}[5]" classname="com.taMagica.ContaMagicaTest" time="0"/>
  <testcase name="SaldoRetiradaNegativoGold{int}[1]" classname="com.taMagica.ContaMagicaTest" time="0.001"/>
  <testcase name="SaldoRetiradaNegativoGold{int}[2]" classname="com.taMagica.ContaMagicaTest" time="0"/>
  <testcase name="SaldoRetiradaNegativoGold{int}[3]" classname="com.taMagica.ContaMagicaTest" time="0"/>
  <testcase name="SaldoRetiradaNegativoGold{int}[4]" classname="com.taMagica.ContaMagicaTest" time="0"/>
  <testcase name="SaldoRetiradaNegativoGold{int}[5]" classname="com.taMagica.ContaMagicaTest" time="0.001"/>
  <testcase name="SaldoDepositoSilver{int}[1]" classname="com.taMagica.ContaMagicaTest" time="0"/>
  <testcase name="SaldoDepositoSilver{int}[2]" classname="com.taMagica.ContaMagicaTest" time="0"/>
  <testcase name="SaldoDepositoSilver{int}[3]" classname="com.taMagica.ContaMagicaTest" time="0.001"/>
  <testcase name="SaldoDepositoSilver{int}[4]" classname="com.taMagica.ContaMagicaTest" time="0"/>
  <testcase name="SaldoDepositoSilver{int}[5]" classname="com.taMagica.ContaMagicaTest" time="0"/>
  <testcase name="SaldoRetiradaSilver{int}[1]" classname="com.taMagica.ContaMagicaTest" time="0"/>
  <testcase name="SaldoRetiradaSilver{int}[2]" classname="com.taMagica.ContaMagicaTest" time="0.001"/>
  <testcase name="SaldoRetiradaSilver{int}[3]" classname="com.taMagica.ContaMagicaTest" time="0"/>
  <testcase name="SaldoRetiradaSilver{int}[4]" classname="com.taMagica.ContaMagicaTest" time="0"/>
  <testcase name="SaldoRetiradaSilver{int}[5]" classname="com.taMagica.ContaMagicaTest" time="0"/>
  <testcase name="StatusDowngradeParaSilver" classname="com.taMagica.ContaMagicaTest" time="0"/>
</testsuite>